# JRE version: OpenJDK Runtime Environment (8.0_191-b12) (build 1.8.0_191-8u191-b12-2ubuntu0.16.04.1-b12)
# Java VM: OpenJDK 64-Bit Server VM (25.191-b12 mixed mode linux-amd64 compressed oops)
Heap:
 PSYoungGen      total 74240K, used 53225K [0x000000076dd00000, 0x0000000772f80000, 0x00000007c0000000)
  eden space 64000K, 67% used [0x000000076dd00000,0x00000007706fa758,0x0000000771b80000)
  from space 10240K, 100% used [0x0000000772580000,0x0000000772f80000,0x0000000772f80000)
  to   space 10240K, 0% used [0x0000000771b80000,0x0000000771b80000,0x0000000772580000)
 ParOldGen       total 169472K, used 6552K [0x00000006c9600000, 0x00000006d3b80000, 0x000000076dd00000)
  object space 169472K, 3% used [0x00000006c9600000,0x00000006c9c66000,0x00000006d3b80000)
 Metaspace       used 6409K, capacity 6610K, committed 6656K, reserved 1056768K
  class space    used 648K, capacity 733K, committed 768K, reserved 1048576K
GC Heap History (4 events):
Event: 758.165 GC heap before
{Heap before GC invocations=1 (full 0):
 PSYoungGen      total 74240K, used 64000K [0x000000076dd00000, 0x0000000772f80000, 0x00000007c0000000)
  eden space 64000K, 100% used [0x000000076dd00000,0x0000000771b80000,0x0000000771b80000)
  from space 10240K, 0% used [0x0000000772580000,0x0000000772580000,0x0000000772f80000)
  to   space 10240K, 0% used [0x0000000771b80000,0x0000000771b80000,0x0000000772580000)
 ParOldGen       total 169472K, used 0K [0x00000006c9600000, 0x00000006d3b80000, 0x000000076dd00000)
  object space 169472K, 0% used [0x00000006c9600000,0x00000006c9600000,0x00000006d3b80000)
 Metaspace       used 6220K, capacity 6386K, committed 6656K, reserved 1056768K
  class space    used 640K, capacity 701K, committed 768K, reserved 1048576K
Event: 758.181 GC heap after
Heap after GC invocations=1 (full 0):
 PSYoungGen      total 74240K, used 8480K [0x000000076dd00000, 0x0000000772f80000, 0x00000007c0000000)
  eden space 64000K, 0% used [0x000000076dd00000,0x000000076dd00000,0x0000000771b80000)
  from space 10240K, 82% used [0x0000000771b80000,0x00000007723c8338,0x0000000772580000)
  to   space 10240K, 0% used [0x0000000772580000,0x0000000772580000,0x0000000772f80000)
 ParOldGen       total 169472K, used 8K [0x00000006c9600000, 0x00000006d3b80000, 0x000000076dd00000)
  object space 169472K, 0% used [0x00000006c9600000,0x00000006c9602000,0x00000006d3b80000)
 Metaspace       used 6220K, capacity 6386K, committed 6656K, reserved 1056768K
  class space    used 640K, capacity 701K, committed 768K, reserved 1048576K
}
Event: 920.304 GC heap before
{Heap before GC invocations=2 (full 0):
 PSYoungGen      total 74240K, used 72480K [0x000000076dd00000, 0x0000000772f80000, 0x00000007c0000000)
  eden space 64000K, 100% used [0x000000076dd00000,0x0000000771b80000,0x0000000771b80000)
  from space 10240K, 82% used [0x0000000771b80000,0x00000007723c8338,0x0000000772580000)
  to   space 10240K, 0% used [0x0000000772580000,0x0000000772580000,0x0000000772f80000)
 ParOldGen       total 169472K, used 8K [0x00000006c9600000, 0x00000006d3b80000, 0x000000076dd00000)
  object space 169472K, 0% used [0x00000006c9600000,0x00000006c9602000,0x00000006d3b80000)
 Metaspace       used 6221K, capacity 6386K, committed 6656K, reserved 1056768K
  class space    used 640K, capacity 701K, committed 768K, reserved 1048576K
Event: 920.321 GC heap after
Heap after GC invocations=2 (full 0):
 PSYoungGen      total 74240K, used 10240K [0x000000076dd00000, 0x0000000772f80000, 0x00000007c0000000)
  eden space 64000K, 0% used [0x000000076dd00000,0x000000076dd00000,0x0000000771b80000)
  from space 10240K, 100% used [0x0000000772580000,0x0000000772f80000,0x0000000772f80000)
  to   space 10240K, 0% used [0x0000000771b80000,0x0000000771b80000,0x0000000772580000)
 ParOldGen       total 169472K, used 6552K [0x00000006c9600000, 0x00000006d3b80000, 0x000000076dd00000)
  object space 169472K, 3% used [0x00000006c9600000,0x00000006c9c66000,0x00000006d3b80000)
 Metaspace       used 6221K, capacity 6386K, committed 6656K, reserved 1056768K
  class space    used 640K, capacity 701K, committed 768K, reserved 1048576K
}

